This is ApacheBench, Version 2.3 <$Revision: 1843412 $>
Copyright 1996 Adam Twiss, Zeus Technology Ltd, http://www.zeustech.net/
Licensed to The Apache Software Foundation, http://www.apache.org/

Benchmarking ec2-3-236-106-24.compute-1.amazonaws.com (be patient)
Completed 5000 requests
Completed 10000 requests
Completed 15000 requests
Completed 20000 requests
Completed 25000 requests
Completed 30000 requests
Completed 35000 requests
Completed 40000 requests
Completed 45000 requests
Completed 50000 requests
Finished 50000 requests


Server Software:        nginx/1.19.7
Server Hostname:        ec2-3-236-106-24.compute-1.amazonaws.com
Server Port:            31580

Document Path:          /
Document Length:        612 bytes

Concurrency Level:      500
Time taken for tests:   9.711 seconds
Complete requests:      50000
Failed requests:        0
Total transferred:      42250000 bytes
HTML transferred:       30600000 bytes
Requests per second:    5148.85 [#/sec] (mean)
Time per request:       97.109 [ms] (mean)
Time per request:       0.194 [ms] (mean, across all concurrent requests)
Transfer rate:          4248.80 [Kbytes/sec] received

Connection Times (ms)
              min  mean[+/-sd] median   max
Connect:        0    3   6.8      0      47
Processing:    10   93  17.7     99     155
Waiting:        3   92  18.4     98     154
Total:         35   97  13.0     99     155

Percentage of the requests served within a certain time (ms)
  50%     99
  66%    102
  75%    104
  80%    105
  90%    108
  95%    110
  98%    115
  99%    130
 100%    155 (longest request)